<?xml version="1.0" encoding="UTF-8"?>
<!-- Generated by org.testng.reporters.JUnitXMLReporter -->
<testsuite hostname="Sai-PC" name="End to end Testing" tests="4" failures="0" timestamp="15 Dec 2016 12:19:27 GMT" time="45.131" errors="0">
  <testcase name="loginTest" time="18.362" classname="day22.testsuite.Login"/>
  <testcase name="addEmployeetest" time="4.524" classname="day22.testsuite.AddEmployee"/>
  <testcase name="delempTest" time="20.984" classname="day22.testsuite.DeleteEmployee"/>
  <testcase name="logoutTest" time="1.216" classname="day22.testsuite.Logout"/>
</testsuite> <!-- End to end Testing -->
